<?xml version="1.0" encoding="UTF-8"?>
<!-- Generated by org.testng.reporters.JUnitXMLReporter -->
<testsuite hostname="KCSystem" ignored="0" name="Command line test 92c5643b-ab35-4dc6-8c30-c679897fdf21" tests="1" failures="0" timestamp="22 mar 2017 22:56:02 GMT" time="1.377" errors="0">
  <testcase name="feature" time="0.0" classname="cucumber.api.testng.AbstractTestNGCucumberTests">
    <skipped/>
  </testcase> <!-- feature -->
</testsuite> <!-- Command line test 92c5643b-ab35-4dc6-8c30-c679897fdf21 -->
