<?xml version="1.0" encoding="UTF-8"?>
<!-- Generated by org.testng.reporters.JUnitXMLReporter -->
<testsuite hostname="KCSystem" ignored="0" name="Command line test 8efb5ddd-79c6-40e2-ac53-981764982916" tests="1" failures="0" timestamp="22 mar 2017 23:01:13 GMT" time="1.378" errors="0">
  <testcase name="feature" time="0.0" classname="cucumber.api.testng.AbstractTestNGCucumberTests">
    <skipped/>
  </testcase> <!-- feature -->
</testsuite> <!-- Command line test 8efb5ddd-79c6-40e2-ac53-981764982916 -->
