<?xml version="1.0" encoding="UTF-8"?>
<!-- Generated by org.testng.reporters.JUnitXMLReporter -->
<testsuite hostname="QA29" ignored="0" name="Command line test 4140bfde-762e-41ba-b328-d5ce449cd730" tests="1" failures="1" timestamp="27 mar 2017 13:32:29 GMT" time="15.667" errors="0">
  <testcase name="feature" time="15.367" classname="cucumber.api.testng.AbstractTestNGCucumberTests">
    <failure type="cucumber.runtime.CucumberException" message="cucumber.runtime.CucumberException: Not a Map or List type: int">
      <![CDATA[cucumber.runtime.CucumberException: cucumber.runtime.CucumberException: Not a Map or List type: int
	at cucumber.api.testng.TestNGCucumberRunner.runCucumber(TestNGCucumberRunner.java:69)
	at cucumber.api.testng.AbstractTestNGCucumberTests.feature(AbstractTestNGCucumberTests.java:21)
Caused by: cucumber.runtime.CucumberException: Not a Map or List type: int
	at cucumber.runtime.table.TableConverter.convert(TableConverter.java:75)
	at cucumber.runtime.StepDefinitionMatch.tableArgument(StepDefinitionMatch.java:97)
	at cucumber.runtime.StepDefinitionMatch.transformedArgs(StepDefinitionMatch.java:74)
	at cucumber.runtime.StepDefinitionMatch.runStep(StepDefinitionMatch.java:37)
	at cucumber.runtime.Runtime.runStep(Runtime.java:299)
	at cucumber.runtime.model.StepContainer.runStep(StepContainer.java:44)
	at cucumber.runtime.model.StepContainer.runSteps(StepContainer.java:39)
	at cucumber.runtime.model.CucumberScenario.run(CucumberScenario.java:44)
	at cucumber.runtime.model.CucumberFeature.run(CucumberFeature.java:165)
	at cucumber.api.testng.TestNGCucumberRunner.runCucumber(TestNGCucumberRunner.java:63)
	... 30 more
... Removed 29 stack frames]]>
    </failure>
  </testcase> <!-- feature -->
</testsuite> <!-- Command line test 4140bfde-762e-41ba-b328-d5ce449cd730 -->
