<?xml version="1.0" encoding="UTF-8"?>
<!-- Generated by org.testng.reporters.JUnitXMLReporter -->
<testsuite hostname="QA29" ignored="0" name="Command line test 97ce8843-7057-4ba4-b45a-25ef6bcb0d20" tests="1" failures="1" timestamp="27 mar 2017 13:39:57 GMT" time="15.968" errors="0">
  <testcase name="feature" time="15.661" classname="cucumber.api.testng.AbstractTestNGCucumberTests">
    <failure type="cucumber.runtime.CucumberException" message="cucumber.deps.com.thoughtworks.xstream.converters.ConversionException: Couldn&amp;apos;t convert &amp;quot;opc&amp;quot; to an instance of: [class java.lang.Integer, int]
---- Debugging information ----
-------------------------------">
      <![CDATA[cucumber.runtime.CucumberException: cucumber.deps.com.thoughtworks.xstream.converters.ConversionException: Couldn't convert "opc" to an instance of: [class java.lang.Integer, int]
---- Debugging information ----
-------------------------------
	at cucumber.api.testng.TestNGCucumberRunner.runCucumber(TestNGCucumberRunner.java:69)
	at cucumber.api.testng.AbstractTestNGCucumberTests.feature(AbstractTestNGCucumberTests.java:21)
Caused by: cucumber.deps.com.thoughtworks.xstream.converters.ConversionException: Couldn't convert "opc" to an instance of: [class java.lang.Integer, int]
---- Debugging information ----
-------------------------------
	at cucumber.runtime.xstream.ConverterWithFormat.transform(ConverterWithFormat.java:31)
	at cucumber.runtime.xstream.ConverterWithNumberFormat.transform(ConverterWithNumberFormat.java:18)
	at cucumber.runtime.xstream.ConverterWithNumberFormat.transform(ConverterWithNumberFormat.java:8)
	at cucumber.api.Transformer.fromString(Transformer.java:91)
	at cucumber.deps.com.thoughtworks.xstream.converters.SingleValueConverterWrapper.fromString(SingleValueConverterWrapper.java:41)
	at cucumber.runtime.table.TableConverter.toList(TableConverter.java:138)
	at cucumber.runtime.table.TableConverter.convert(TableConverter.java:84)
	at cucumber.runtime.StepDefinitionMatch.tableArgument(StepDefinitionMatch.java:97)
	at cucumber.runtime.StepDefinitionMatch.transformedArgs(StepDefinitionMatch.java:74)
	at cucumber.runtime.StepDefinitionMatch.runStep(StepDefinitionMatch.java:37)
	at cucumber.runtime.Runtime.runStep(Runtime.java:299)
	at cucumber.runtime.model.StepContainer.runStep(StepContainer.java:44)
	at cucumber.runtime.model.StepContainer.runSteps(StepContainer.java:39)
	at cucumber.runtime.model.CucumberScenario.run(CucumberScenario.java:44)
	at cucumber.runtime.model.CucumberFeature.run(CucumberFeature.java:165)
	at cucumber.api.testng.TestNGCucumberRunner.runCucumber(TestNGCucumberRunner.java:63)
	at cucumber.api.testng.AbstractTestNGCucumberTests.feature(AbstractTestNGCucumberTests.java:21)
	at ✽.And Valido si hay juego registrado:(Game.feature:50)
... Removed 58 stack frames]]>
    </failure>
  </testcase> <!-- feature -->
</testsuite> <!-- Command line test 97ce8843-7057-4ba4-b45a-25ef6bcb0d20 -->
