<?xml version="1.0" encoding="UTF-8"?>
<!-- Generated by org.testng.reporters.JUnitXMLReporter -->
<testsuite hostname="QA29" ignored="0" name="Command line test dc54c2e7-55d0-477b-b779-db996944eb11" tests="1" failures="0" timestamp="22 mar 2017 20:12:33 GMT" time="0.275" errors="0">
  <testcase name="feature" time="0.0" classname="cucumber.api.testng.AbstractTestNGCucumberTests">
    <skipped/>
  </testcase> <!-- feature -->
</testsuite> <!-- Command line test dc54c2e7-55d0-477b-b779-db996944eb11 -->
