<?xml version="1.0" encoding="UTF-8"?>
<!-- Generated by org.testng.reporters.JUnitXMLReporter -->
<testsuite hostname="KCSystem" ignored="0" name="Command line test f0834ae9-c066-4b46-bbf4-ee90ebb89c6d" tests="1" failures="0" timestamp="27 mar 2017 01:07:51 GMT" time="1.671" errors="0">
  <testcase name="feature" time="0.0" classname="cucumber.api.testng.AbstractTestNGCucumberTests">
    <skipped/>
  </testcase> <!-- feature -->
</testsuite> <!-- Command line test f0834ae9-c066-4b46-bbf4-ee90ebb89c6d -->
