<?xml version="1.0" encoding="UTF-8"?>
<!-- Generated by org.testng.reporters.JUnitXMLReporter -->
<testsuite hostname="QA29" ignored="0" name="Command line test 86664bfb-1e7a-467d-b483-e4ef45ff922a" tests="1" failures="0" timestamp="22 mar 2017 19:25:53 GMT" time="0.275" errors="0">
  <testcase name="feature" time="0.0" classname="cucumber.api.testng.AbstractTestNGCucumberTests">
    <skipped/>
  </testcase> <!-- feature -->
</testsuite> <!-- Command line test 86664bfb-1e7a-467d-b483-e4ef45ff922a -->
