<?xml version="1.0" encoding="UTF-8"?>
<!-- Generated by org.testng.reporters.JUnitXMLReporter -->
<testsuite hostname="dev.ascentis.com" name="Command line test 059f9f89-6de8-4dd0-9e97-65f8c3a6a1f1" tests="1" failures="0" timestamp="13 Mar 2017 15:31:43 GMT" time="0.314" errors="0">
  <testcase name="feature" time="0.004" classname="runnerFiles.Maui_Regression_Core_FeatureRunner">
    <skipped/>
  </testcase> <!-- feature -->
</testsuite> <!-- Command line test 059f9f89-6de8-4dd0-9e97-65f8c3a6a1f1 -->
