<?xml version="1.0" encoding="UTF-8"?>
<!-- Generated by org.testng.reporters.JUnitXMLReporter -->
<testsuite hostname="dev.ascentis.com" name="Command line test 110871d1-0137-4fe4-b015-9594e4fd0e7a" tests="1" failures="0" timestamp="13 Mar 2017 15:31:26 GMT" time="0.373" errors="0">
  <testcase name="feature" time="0.003" classname="runnerFiles.Maui_Regression_Core_FeatureRunner">
    <skipped/>
  </testcase> <!-- feature -->
</testsuite> <!-- Command line test 110871d1-0137-4fe4-b015-9594e4fd0e7a -->
