<?xml version="1.0" encoding="UTF-8"?>
<!-- Generated by org.testng.reporters.JUnitXMLReporter -->
<testsuite hostname="dev.ascentis.com" name="Command line test a55ff2ad-d9be-4f3c-8a4c-7fc39d1ed216" tests="1" failures="0" timestamp="13 Mar 2017 15:31:55 GMT" time="0.398" errors="0">
  <testcase name="feature" time="0.007" classname="runnerFiles.Maui_Regression_Core_FeatureRunner">
    <skipped/>
  </testcase> <!-- feature -->
</testsuite> <!-- Command line test a55ff2ad-d9be-4f3c-8a4c-7fc39d1ed216 -->
